  MipiRffeAnalyzer.cpp
d:\myproject\kingstlogicanalyzer\kingstvis_analyzer_sdk\mipi-rffe-analyzer-for-kingst\mipirffeanalyzer\src\mipirffeanalyzer.cpp(34): warning C4101: “n1”: 未引用的局部变量
d:\myproject\kingstlogicanalyzer\kingstvis_analyzer_sdk\mipi-rffe-analyzer-for-kingst\mipirffeanalyzer\src\mipirffeanalyzer.cpp(326): warning C4244: “=”: 从“U64”转换到“U32”，可能丢失数据
d:\myproject\kingstlogicanalyzer\kingstvis_analyzer_sdk\mipi-rffe-analyzer-for-kingst\mipirffeanalyzer\src\mipirffeanalyzer.cpp(364): warning C4244: “参数”: 从“U64”转换到“U32”，可能丢失数据
d:\myproject\kingstlogicanalyzer\kingstvis_analyzer_sdk\mipi-rffe-analyzer-for-kingst\mipirffeanalyzer\src\mipirffeanalyzer.cpp(385): warning C4244: “参数”: 从“U64”转换到“U8”，可能丢失数据
  MipiRffeAnalyzerResults.cpp
d:\myproject\kingstlogicanalyzer\kingstvis_analyzer_sdk\mipi-rffe-analyzer-for-kingst\mipirffeanalyzer\src\mipirffeanalyzerresults.cpp(42): warning C4244: “初始化”: 从“U64”转换到“U8”，可能丢失数据
d:\myproject\kingstlogicanalyzer\kingstvis_analyzer_sdk\mipi-rffe-analyzer-for-kingst\mipirffeanalyzer\src\mipirffeanalyzerresults.cpp(264): warning C4244: “=”: 从“U64”转换到“U8”，可能丢失数据
d:\myproject\kingstlogicanalyzer\kingstvis_analyzer_sdk\mipi-rffe-analyzer-for-kingst\mipirffeanalyzer\src\mipirffeanalyzerresults.cpp(269): warning C4244: “=”: 从“U64”转换到“U8”，可能丢失数据
d:\myproject\kingstlogicanalyzer\kingstvis_analyzer_sdk\mipi-rffe-analyzer-for-kingst\mipirffeanalyzer\src\mipirffeanalyzerresults.cpp(279): warning C4244: “=”: 从“U64”转换到“U8”，可能丢失数据
d:\myproject\kingstlogicanalyzer\kingstvis_analyzer_sdk\mipi-rffe-analyzer-for-kingst\mipirffeanalyzer\src\mipirffeanalyzerresults.cpp(286): warning C4244: “=”: 从“U64”转换到“U8”，可能丢失数据
d:\myproject\kingstlogicanalyzer\kingstvis_analyzer_sdk\mipi-rffe-analyzer-for-kingst\mipirffeanalyzer\src\mipirffeanalyzerresults.cpp(293): warning C4244: “=”: 从“U64”转换到“U8”，可能丢失数据
d:\myproject\kingstlogicanalyzer\kingstvis_analyzer_sdk\mipi-rffe-analyzer-for-kingst\mipirffeanalyzer\src\mipirffeanalyzerresults.cpp(301): warning C4244: “=”: 从“U64”转换到“U8”，可能丢失数据
d:\myproject\kingstlogicanalyzer\kingstvis_analyzer_sdk\mipi-rffe-analyzer-for-kingst\mipirffeanalyzer\src\mipirffeanalyzerresults.cpp(308): warning C4244: “=”: 从“U64”转换到“U8”，可能丢失数据
d:\myproject\kingstlogicanalyzer\kingstvis_analyzer_sdk\mipi-rffe-analyzer-for-kingst\mipirffeanalyzer\src\mipirffeanalyzerresults.cpp(315): warning C4244: “=”: 从“U64”转换到“U8”，可能丢失数据
d:\myproject\kingstlogicanalyzer\kingstvis_analyzer_sdk\mipi-rffe-analyzer-for-kingst\mipirffeanalyzer\src\mipirffeanalyzerresults.cpp(320): warning C4244: “=”: 从“U64”转换到“U8”，可能丢失数据
d:\myproject\kingstlogicanalyzer\kingstvis_analyzer_sdk\mipi-rffe-analyzer-for-kingst\mipirffeanalyzer\src\mipirffeanalyzerresults.cpp(327): warning C4244: “=”: 从“U64”转换到“U8”，可能丢失数据
d:\myproject\kingstlogicanalyzer\kingstvis_analyzer_sdk\mipi-rffe-analyzer-for-kingst\mipirffeanalyzer\src\mipirffeanalyzerresults.cpp(334): warning C4244: “=”: 从“U64”转换到“U8”，可能丢失数据
d:\myproject\kingstlogicanalyzer\kingstvis_analyzer_sdk\mipi-rffe-analyzer-for-kingst\mipirffeanalyzer\src\mipirffeanalyzerresults.cpp(341): warning C4244: “=”: 从“U64”转换到“U8”，可能丢失数据
d:\myproject\kingstlogicanalyzer\kingstvis_analyzer_sdk\mipi-rffe-analyzer-for-kingst\mipirffeanalyzer\src\mipirffeanalyzerresults.cpp(346): warning C4244: “=”: 从“U64”转换到“U8”，可能丢失数据
d:\myproject\kingstlogicanalyzer\kingstvis_analyzer_sdk\mipi-rffe-analyzer-for-kingst\mipirffeanalyzer\src\mipirffeanalyzerresults.cpp(351): warning C4244: “=”: 从“U64”转换到“U8”，可能丢失数据
d:\myproject\kingstlogicanalyzer\kingstvis_analyzer_sdk\mipi-rffe-analyzer-for-kingst\mipirffeanalyzer\src\mipirffeanalyzerresults.cpp(356): warning C4244: “=”: 从“U64”转换到“U8”，可能丢失数据
d:\myproject\kingstlogicanalyzer\kingstvis_analyzer_sdk\mipi-rffe-analyzer-for-kingst\mipirffeanalyzer\src\mipirffeanalyzerresults.cpp(361): warning C4244: “=”: 从“U64”转换到“U8”，可能丢失数据
d:\myproject\kingstlogicanalyzer\kingstvis_analyzer_sdk\mipi-rffe-analyzer-for-kingst\mipirffeanalyzer\src\mipirffeanalyzerresults.cpp(369): warning C4244: “+=”: 从“U64”转换到“U32”，可能丢失数据
d:\myproject\kingstlogicanalyzer\kingstvis_analyzer_sdk\mipi-rffe-analyzer-for-kingst\mipirffeanalyzer\src\mipirffeanalyzerresults.cpp(373): warning C4244: “=”: 从“U64”转换到“U32”，可能丢失数据
d:\myproject\kingstlogicanalyzer\kingstvis_analyzer_sdk\mipi-rffe-analyzer-for-kingst\mipirffeanalyzer\src\mipirffeanalyzerresults.cpp(378): warning C4244: “=”: 从“U64”转换到“U8”，可能丢失数据
d:\myproject\kingstlogicanalyzer\kingstvis_analyzer_sdk\mipi-rffe-analyzer-for-kingst\mipirffeanalyzer\src\mipirffeanalyzerresults.cpp(382): warning C4267: “参数”: 从“size_t”转换到“U32”，可能丢失数据
d:\myproject\kingstlogicanalyzer\kingstvis_analyzer_sdk\mipi-rffe-analyzer-for-kingst\mipirffeanalyzer\src\mipirffeanalyzerresults.cpp(405): warning C4244: “初始化”: 从“U64”转换到“U8”，可能丢失数据
  MipiRffeAnalyzerSettings.cpp
d:\myproject\kingstlogicanalyzer\kingstvis_analyzer_sdk\mipi-rffe-analyzer-for-kingst\mipirffeanalyzer\src\mipirffeanalyzersettings.cpp(57): warning C4267: “参数”: 从“size_t”转换到“U32”，可能丢失数据
  MipiRffeSimulationDataGenerator.cpp
    正在创建库 D:\myProject\KingstLogicAnalyzer\KingstVIS_Analyzer_SDK\MIPI-RFFE-Analyzer-for-Kingst\MipiRffeAnalyzer\vs2013\Release\x64\MipiRffeAnalyzer.lib 和对象 D:\myProject\KingstLogicAnalyzer\KingstVIS_Analyzer_SDK\MIPI-RFFE-Analyzer-for-Kingst\MipiRffeAnalyzer\vs2013\Release\x64\MipiRffeAnalyzer.exp
  正在生成代码
  367 of 374 functions (98.1%) were compiled, the rest were copied from previous compilation.
    0 functions were new in current compilation
    0 functions had inline decision re-evaluated but remain unchanged
  已完成代码的生成
  MipiRffeAnalyzer.vcxproj -> D:\myProject\KingstLogicAnalyzer\KingstVIS_Analyzer_SDK\MIPI-RFFE-Analyzer-for-Kingst\MipiRffeAnalyzer\vs2013\Release\x64\MipiRffeAnalyzer.dll
